<?xml version="1.0" encoding="UTF-8"?>
<!-- Generated by org.testng.reporters.JUnitXMLReporter -->
<testsuite hostname="LAPTOP-6QQ7ETMI" ignored="0" name="Test Firefox" tests="20" failures="11" timestamp="21 Nov 2020 08:17:28 GMT" time="165.168" errors="0">
  <testcase name="@AfterClass closeBrowser" time="4.058" classname="DriverAndBasicFunctions.BaseFunctions">
    <failure type="org.openqa.selenium.NoSuchSessionException" message="Tried to run command without establishing a connection
Build info: version: &amp;apos;3.141.59&amp;apos;, revision: &amp;apos;e82be7d358&amp;apos;, time: &amp;apos;2018-11-14T08:17:03&amp;apos;
System info: host: &amp;apos;LAPTOP-6QQ7ETMI&amp;apos;, ip: &amp;apos;192.168.0.19&amp;apos;, os.name: &amp;apos;Windows 10&amp;apos;, os.arch: &amp;apos;amd64&amp;apos;, os.version: &amp;apos;10.0&amp;apos;, java.version: &amp;apos;1.8.0_261&amp;apos;
Driver info: org.openqa.selenium.firefox.FirefoxDriver
Capabilities {acceptInsecureCerts: true, browserName: firefox, browserVersion: 82.0.3, javascriptEnabled: true, moz:accessibilityChecks: false, moz:buildID: 20201108180448, moz:geckodriverVersion: 0.27.0, moz:headless: false, moz:processID: 7100, moz:profile: C:\Users\Kshitiz Kumar\AppD..., moz:shutdownTimeout: 60000, moz:useNonSpecCompliantPointerOrigin: false, moz:webdriverClick: true, pageLoadStrategy: normal, platform: WINDOWS, platformName: WINDOWS, platformVersion: 10.0, rotatable: false, setWindowRect: true, strictFileInteractability: false, timeouts: {implicit: 0, pageLoad: 300000, script: 30000}, unhandledPromptBehavior: dismiss and notify}
Session ID: ccf9849b-7cff-4ba6-a6a5-f9384d059c53">
      <![CDATA[org.openqa.selenium.NoSuchSessionException: Tried to run command without establishing a connection
Build info: version: '3.141.59', revision: 'e82be7d358', time: '2018-11-14T08:17:03'
System info: host: 'LAPTOP-6QQ7ETMI', ip: '192.168.0.19', os.name: 'Windows 10', os.arch: 'amd64', os.version: '10.0', java.version: '1.8.0_261'
Driver info: org.openqa.selenium.firefox.FirefoxDriver
Capabilities {acceptInsecureCerts: true, browserName: firefox, browserVersion: 82.0.3, javascriptEnabled: true, moz:accessibilityChecks: false, moz:buildID: 20201108180448, moz:geckodriverVersion: 0.27.0, moz:headless: false, moz:processID: 7100, moz:profile: C:\Users\Kshitiz Kumar\AppD..., moz:shutdownTimeout: 60000, moz:useNonSpecCompliantPointerOrigin: false, moz:webdriverClick: true, pageLoadStrategy: normal, platform: WINDOWS, platformName: WINDOWS, platformVersion: 10.0, rotatable: false, setWindowRect: true, strictFileInteractability: false, timeouts: {implicit: 0, pageLoad: 300000, script: 30000}, unhandledPromptBehavior: dismiss and notify}
Session ID: ccf9849b-7cff-4ba6-a6a5-f9384d059c53
at org.openqa.selenium.remote.http.W3CHttpResponseCodec.createException(W3CHttpResponseCodec.java:187)
at org.openqa.selenium.remote.http.W3CHttpResponseCodec.decode(W3CHttpResponseCodec.java:122)
at org.openqa.selenium.remote.http.W3CHttpResponseCodec.decode(W3CHttpResponseCodec.java:49)
at org.openqa.selenium.remote.HttpCommandExecutor.execute(HttpCommandExecutor.java:158)
at org.openqa.selenium.remote.service.DriverCommandExecutor.execute(DriverCommandExecutor.java:83)
at org.openqa.selenium.remote.RemoteWebDriver.execute(RemoteWebDriver.java:552)
at org.openqa.selenium.remote.RemoteWebDriver.execute(RemoteWebDriver.java:609)
at org.openqa.selenium.remote.RemoteWebDriver.quit(RemoteWebDriver.java:452)
at DriverAndBasicFunctions.BaseFunctions.closeBrowser(BaseFunctions.java:134)
... Removed 30 stack frames]]>
    </failure>
  </testcase> <!-- @AfterClass closeBrowser -->
  <testcase name="verifyTitle" time="0.184" classname="TestScenerios.Scenerios"/>
  <testcase name="verifyClick" time="0.939" classname="TestScenerios.Scenerios"/>
  <testcase name="verifyOneway" time="1.984" classname="TestScenerios.Scenerios"/>
  <testcase name="enterSource" time="9.269" classname="TestScenerios.Scenerios"/>
  <testcase name="enterDestination" time="6.71" classname="TestScenerios.Scenerios"/>
  <testcase name="enterDepatureDate" time="1.07" classname="TestScenerios.Scenerios"/>
  <testcase name="enterPickupTime" time="1.117" classname="TestScenerios.Scenerios"/>
  <testcase name="clickSearch" time="2.852" classname="TestScenerios.Scenerios"/>
  <testcase name="findSUV" time="4.596" classname="TestScenerios.Scenerios"/>
  <testcase name="gitCards" time="30.967" classname="TestScenerios.Scenerios">
    <failure type="java.lang.AssertionError" message="expected [true] but found [false]">
      <![CDATA[java.lang.AssertionError: expected [true] but found [false]
at TestScenerios.Scenerios.gitCards(Scenerios.java:275)
... Removed 29 stack frames]]>
    </failure>
  </testcase> <!-- gitCards -->
  <testcase name="amountPlaceHolder" time="10.193" classname="TestScenerios.Scenerios">
    <failure type="java.lang.AssertionError" message="expected [true] but found [false]">
      <![CDATA[java.lang.AssertionError: expected [true] but found [false]
at TestScenerios.Scenerios.amountPlaceHolder(Scenerios.java:293)
... Removed 29 stack frames]]>
    </failure>
  </testcase> <!-- amountPlaceHolder -->
  <testcase name="datePlaceHolder" time="0.01" classname="TestScenerios.Scenerios">
    <failure type="java.lang.AssertionError" message="expected [true] but found [false]">
      <![CDATA[java.lang.AssertionError: expected [true] but found [false]
at TestScenerios.Scenerios.datePlaceHolder(Scenerios.java:311)
... Removed 29 stack frames]]>
    </failure>
  </testcase> <!-- datePlaceHolder -->
  <testcase name="empty" time="8.727" classname="TestScenerios.Scenerios">
    <failure type="java.lang.AssertionError" message="expected [true] but found [false]">
      <![CDATA[java.lang.AssertionError: expected [true] but found [false]
at TestScenerios.Scenerios.empty(Scenerios.java:336)
... Removed 29 stack frames]]>
    </failure>
  </testcase> <!-- empty -->
  <testcase name="amountLess" time="0.01" classname="TestScenerios.Scenerios">
    <failure type="java.lang.AssertionError" message="expected [true] but found [false]">
      <![CDATA[java.lang.AssertionError: expected [true] but found [false]
at TestScenerios.Scenerios.amountLess(Scenerios.java:366)
... Removed 29 stack frames]]>
    </failure>
  </testcase> <!-- amountLess -->
  <testcase name="amountMore" time="0.01" classname="TestScenerios.Scenerios">
    <failure type="java.lang.AssertionError" message="expected [true] but found [false]">
      <![CDATA[java.lang.AssertionError: expected [true] but found [false]
at TestScenerios.Scenerios.amountMore(Scenerios.java:393)
... Removed 29 stack frames]]>
    </failure>
  </testcase> <!-- amountMore -->
  <testcase name="untick" time="0.006" classname="TestScenerios.Scenerios">
    <failure type="java.lang.AssertionError" message="expected [true] but found [false]">
      <![CDATA[java.lang.AssertionError: expected [true] but found [false]
at TestScenerios.Scenerios.untick(Scenerios.java:422)
... Removed 29 stack frames]]>
    </failure>
  </testcase> <!-- untick -->
  <testcase name="tick" time="2.01" classname="TestScenerios.Scenerios">
    <failure type="java.lang.AssertionError" message="expected [true] but found [false]">
      <![CDATA[java.lang.AssertionError: expected [true] but found [false]
at TestScenerios.Scenerios.tick(Scenerios.java:440)
... Removed 29 stack frames]]>
    </failure>
  </testcase> <!-- tick -->
  <testcase name="namePlaceHolder" time="0.011" classname="TestScenerios.Scenerios">
    <failure type="java.lang.AssertionError" message="expected [true] but found [false]">
      <![CDATA[java.lang.AssertionError: expected [true] but found [false]
at TestScenerios.Scenerios.namePlaceHolder(Scenerios.java:460)
... Removed 29 stack frames]]>
    </failure>
  </testcase> <!-- namePlaceHolder -->
  <testcase name="emailPlaceHolder" time="0.005" classname="TestScenerios.Scenerios">
    <failure type="java.lang.AssertionError" message="expected [true] but found [false]">
      <![CDATA[java.lang.AssertionError: expected [true] but found [false]
at TestScenerios.Scenerios.emailPlaceHolder(Scenerios.java:478)
... Removed 29 stack frames]]>
    </failure>
  </testcase> <!-- emailPlaceHolder -->
  <testcase name="invalidEmail" time="0.005" classname="TestScenerios.Scenerios">
    <failure type="java.lang.AssertionError" message="expected [true] but found [false]">
      <![CDATA[java.lang.AssertionError: expected [true] but found [false]
at TestScenerios.Scenerios.invalidEmail(Scenerios.java:507)
... Removed 29 stack frames]]>
    </failure>
  </testcase> <!-- invalidEmail -->
</testsuite> <!-- Test Firefox -->
