<?xml version="1.0" encoding="UTF-8"?>
<!-- Generated by org.testng.reporters.JUnitReportReporter -->
<testsuite hostname="LAPTOP-1NL8S0VC" name="TestScenerios.Scenerio1" tests="60" failures="0" timestamp="25 Oct 2020 04:42:13 GMT" time="197.919" errors="1">
  <testcase name="clickSearch" time="6.771" classname="TestScenerios.Scenerio1"/>
  <testcase name="empty" time="4.262" classname="TestScenerios.Scenerio1"/>
  <testcase name="emailPlaceHolder" time="0.053" classname="TestScenerios.Scenerio1"/>
  <testcase name="enterSource" time="6.423" classname="TestScenerios.Scenerio1"/>
  <testcase name="untick" time="2.462" classname="TestScenerios.Scenerio1"/>
  <testcase name="enterDepatureDate" time="0.419" classname="TestScenerios.Scenerio1"/>
  <testcase name="untick" time="2.597" classname="TestScenerios.Scenerio1"/>
  <testcase name="enterSource" time="6.470" classname="TestScenerios.Scenerio1"/>
  <testcase name="enterDestination" time="6.480" classname="TestScenerios.Scenerio1"/>
  <testcase name="invalidEmail" time="2.341" classname="TestScenerios.Scenerio1"/>
  <testcase name="amountPlaceHolder" time="2.086" classname="TestScenerios.Scenerio1"/>
  <testcase name="enterDestination" time="6.332" classname="TestScenerios.Scenerio1"/>
  <testcase name="emailPlaceHolder" time="0.030" classname="TestScenerios.Scenerio1"/>
  <testcase name="gitCards" time="19.155" classname="TestScenerios.Scenerio1"/>
  <testcase name="enterPickupTime" time="0.835" classname="TestScenerios.Scenerio1"/>
  <testcase name="amountMore" time="2.641" classname="TestScenerios.Scenerio1"/>
  <testcase name="clickSearch" time="1.705" classname="TestScenerios.Scenerio1"/>
  <testcase name="tick" time="2.179" classname="TestScenerios.Scenerio1"/>
  <testcase name="enterSource" time="6.815" classname="TestScenerios.Scenerio1"/>
  <testcase name="enterDepatureDate" time="0.841" classname="TestScenerios.Scenerio1"/>
  <testcase name="empty" time="4.591" classname="TestScenerios.Scenerio1"/>
  <testcase name="verifyTitle" time="0.564" classname="TestScenerios.Scenerio1"/>
  <testcase name="amountLess" time="3.590" classname="TestScenerios.Scenerio1"/>
  <testcase name="findSUV" time="2.095" classname="TestScenerios.Scenerio1"/>
  <testcase name="amountLess" time="3.509" classname="TestScenerios.Scenerio1"/>
  <testcase name="verifyClick" time="0.637" classname="TestScenerios.Scenerio1"/>
  <testcase name="enterPickupTime" time="0.494" classname="TestScenerios.Scenerio1"/>
  <testcase name="verifyOneway" time="0.042" classname="TestScenerios.Scenerio1"/>
  <testcase name="amountPlaceHolder" time="0.082" classname="TestScenerios.Scenerio1"/>
  <testcase name="verifyOneway" time="0.045" classname="TestScenerios.Scenerio1"/>
  <testcase name="amountMore" time="2.453" classname="TestScenerios.Scenerio1"/>
  <testcase name="untick" time="2.417" classname="TestScenerios.Scenerio1"/>
  <testcase name="verifyOneway" time="0.023" classname="TestScenerios.Scenerio1"/>
  <testcase name="datePlaceHolder" time="0.048" classname="TestScenerios.Scenerio1"/>
  <testcase name="namePlaceHolder" time="0.064" classname="TestScenerios.Scenerio1"/>
  <testcase name="datePlaceHolder" time="0.024" classname="TestScenerios.Scenerio1"/>
  <testcase name="invalidEmail" time="2.392" classname="TestScenerios.Scenerio1"/>
  <testcase name="verifyClick" time="0.583" classname="TestScenerios.Scenerio1"/>
  <testcase name="verifyTitle" time="0.412" classname="TestScenerios.Scenerio1"/>
  <testcase name="findSUV" time="0.334" classname="TestScenerios.Scenerio1"/>
  <testcase name="gitCards" time="13.555" classname="TestScenerios.Scenerio1"/>
  <testcase name="amountMore" time="2.480" classname="TestScenerios.Scenerio1"/>
  <testcase name="tick" time="2.596" classname="TestScenerios.Scenerio1"/>
  <testcase name="tick" time="2.230" classname="TestScenerios.Scenerio1"/>
  <testcase name="gitCards" time="11.846" classname="TestScenerios.Scenerio1"/>
  <testcase name="namePlaceHolder" time="0.029" classname="TestScenerios.Scenerio1"/>
  <testcase name="verifyClick" time="0.687" classname="TestScenerios.Scenerio1"/>
  <testcase name="enterDestination" time="6.325" classname="TestScenerios.Scenerio1"/>
  <testcase name="clickSearch" time="1.856" classname="TestScenerios.Scenerio1"/>
  <testcase name="amountPlaceHolder" time="0.109" classname="TestScenerios.Scenerio1"/>
  <testcase name="findSUV" time="2.514" classname="TestScenerios.Scenerio1"/>
  <testcase name="verifyTitle" time="0.616" classname="TestScenerios.Scenerio1"/>
  <testcase name="invalidEmail" time="2.532" classname="TestScenerios.Scenerio1"/>
  <testcase name="emailPlaceHolder" time="0.025" classname="TestScenerios.Scenerio1"/>
  <testcase name="empty" time="39.819" classname="TestScenerios.Scenerio1">
    <error type="org.openqa.selenium.NoSuchElementException" message="no such element: Unable to locate element: {&quot;method&quot;:&quot;xpath&quot;,&quot;selector&quot;:&quot;//div[@id=&#039;okay&#039;]&quot;}
  (Session info: chrome=86.0.4240.111)
For documentation on this error, please visit: https://selenium.dev/exceptions/#no_such_element
Build info: version: &#039;4.0.0-alpha-6&#039;, revision: &#039;5f43a29cfc&#039;
System info: host: &#039;LAPTOP-1NL8S0VC&#039;, ip: &#039;192.168.43.107&#039;, os.name: &#039;Windows 10&#039;, os.arch: &#039;amd64&#039;, os.version: &#039;10.0&#039;, java.version: &#039;1.8.0_261&#039;
Driver info: org.openqa.selenium.chrome.ChromeDriver
Capabilities {acceptInsecureCerts: false, browserName: chrome, browserVersion: 86.0.4240.111, chrome: {chromedriverVersion: 85.0.4183.83 (94abc2237ae0c..., userDataDir: C:\Users\HP\AppData\Local\T...}, goog:chromeOptions: {debuggerAddress: localhost:60917}, javascriptEnabled: true, networkConnectionEnabled: false, pageLoadStrategy: normal, platform: WINDOWS, platformName: WINDOWS, proxy: Proxy(), setWindowRect: true, strictFileInteractability: false, timeouts: {implicit: 0, pageLoad: 300000, script: 30000}, unhandledPromptBehavior: dismiss and notify, webauthn:virtualAuthenticators: true}
Session ID: fa28a87a6eac929a20ec8dd5aec7059a
*** Element info: {Using=xpath, value=//div[@id=&#039;okay&#039;]}">
      <![CDATA[org.openqa.selenium.NoSuchElementException: no such element: Unable to locate element: {"method":"xpath","selector":"//div[@id='okay']"}
  (Session info: chrome=86.0.4240.111)
For documentation on this error, please visit: https://selenium.dev/exceptions/#no_such_element
Build info: version: '4.0.0-alpha-6', revision: '5f43a29cfc'
System info: host: 'LAPTOP-1NL8S0VC', ip: '192.168.43.107', os.name: 'Windows 10', os.arch: 'amd64', os.version: '10.0', java.version: '1.8.0_261'
Driver info: org.openqa.selenium.chrome.ChromeDriver
Capabilities {acceptInsecureCerts: false, browserName: chrome, browserVersion: 86.0.4240.111, chrome: {chromedriverVersion: 85.0.4183.83 (94abc2237ae0c..., userDataDir: C:\Users\HP\AppData\Local\T...}, goog:chromeOptions: {debuggerAddress: localhost:60917}, javascriptEnabled: true, networkConnectionEnabled: false, pageLoadStrategy: normal, platform: WINDOWS, platformName: WINDOWS, proxy: Proxy(), setWindowRect: true, strictFileInteractability: false, timeouts: {implicit: 0, pageLoad: 300000, script: 30000}, unhandledPromptBehavior: dismiss and notify, webauthn:virtualAuthenticators: true}
Session ID: fa28a87a6eac929a20ec8dd5aec7059a
*** Element info: {Using=xpath, value=//div[@id='okay']}
	at sun.reflect.NativeConstructorAccessorImpl.newInstance0(Native Method)
	at sun.reflect.NativeConstructorAccessorImpl.newInstance(Unknown Source)
	at sun.reflect.DelegatingConstructorAccessorImpl.newInstance(Unknown Source)
	at java.lang.reflect.Constructor.newInstance(Unknown Source)
	at org.openqa.selenium.remote.codec.w3c.W3CHttpResponseCodec.createException(W3CHttpResponseCodec.java:196)
	at org.openqa.selenium.remote.codec.w3c.W3CHttpResponseCodec.decode(W3CHttpResponseCodec.java:129)
	at org.openqa.selenium.remote.codec.w3c.W3CHttpResponseCodec.decode(W3CHttpResponseCodec.java:53)
	at org.openqa.selenium.remote.HttpCommandExecutor.execute(HttpCommandExecutor.java:160)
	at org.openqa.selenium.remote.service.DriverCommandExecutor.execute(DriverCommandExecutor.java:83)
	at org.openqa.selenium.remote.RemoteWebDriver.execute(RemoteWebDriver.java:582)
	at org.openqa.selenium.remote.RemoteWebDriver.findElement(RemoteWebDriver.java:333)
	at org.openqa.selenium.remote.RemoteWebDriver.findElementByXPath(RemoteWebDriver.java:451)
	at org.openqa.selenium.By$ByXPath.findElement(By.java:394)
	at org.openqa.selenium.remote.RemoteWebDriver.findElement(RemoteWebDriver.java:325)
	at TestScenerios.Scenerio1.empty(Scenerio1.java:227)
	at sun.reflect.NativeMethodAccessorImpl.invoke0(Native Method)
	at sun.reflect.NativeMethodAccessorImpl.invoke(Unknown Source)
	at sun.reflect.DelegatingMethodAccessorImpl.invoke(Unknown Source)
	at java.lang.reflect.Method.invoke(Unknown Source)
	at org.testng.internal.MethodInvocationHelper.invokeMethod(MethodInvocationHelper.java:85)
	at org.testng.internal.Invoker.invokeMethod(Invoker.java:663)
	at org.testng.internal.Invoker.invokeTestMethod(Invoker.java:849)
	at org.testng.internal.Invoker.invokeTestMethods(Invoker.java:1157)
	at org.testng.internal.TestMethodWorker.invokeTestMethods(TestMethodWorker.java:124)
	at org.testng.internal.TestMethodWorker.run(TestMethodWorker.java:108)
	at org.testng.TestRunner.privateRun(TestRunner.java:771)
	at org.testng.TestRunner.run(TestRunner.java:621)
	at org.testng.SuiteRunner.runTest(SuiteRunner.java:357)
	at org.testng.SuiteRunner.access$000(SuiteRunner.java:38)
	at org.testng.SuiteRunner$SuiteWorker.run(SuiteRunner.java:391)
	at org.testng.internal.thread.ThreadUtil$2.call(ThreadUtil.java:64)
	at java.util.concurrent.FutureTask.run(Unknown Source)
	at java.util.concurrent.ThreadPoolExecutor.runWorker(Unknown Source)
	at java.util.concurrent.ThreadPoolExecutor$Worker.run(Unknown Source)
	at java.lang.Thread.run(Unknown Source)
]]>
    </error>
  </testcase> <!-- empty -->
  <testcase name="amountLess" time="4.455" classname="TestScenerios.Scenerio1"/>
  <testcase name="enterPickupTime" time="0.473" classname="TestScenerios.Scenerio1"/>
  <testcase name="enterDepatureDate" time="0.412" classname="TestScenerios.Scenerio1"/>
  <testcase name="datePlaceHolder" time="0.034" classname="TestScenerios.Scenerio1"/>
  <testcase name="namePlaceHolder" time="0.030" classname="TestScenerios.Scenerio1"/>
</testsuite> <!-- TestScenerios.Scenerio1 -->
